<?xml version="1.0" encoding="UTF-8"?>
<!-- Generated by org.testng.reporters.JUnitReportReporter -->
<testsuite skipped="0" hostname="DESKTOP-5MU9SU5" name="com.training.sanity.tests.RETC39_Medium" tests="1" failures="0" timestamp="04 Jul 2019 10:28:22 GMT" time="47.023" errors="0">
  <testcase name="validLoginTest" time="47.023" classname="com.training.sanity.tests.RETC39_Medium"/>
</testsuite> <!-- com.training.sanity.tests.RETC39_Medium -->
