<?xml version="1.0" encoding="UTF-8"?>
<!-- Generated by org.testng.reporters.JUnitReportReporter -->
<testsuite skipped="0" hostname="DESKTOP-5MU9SU5" name="com.training.sanity.tests.LoginTests" tests="1" failures="0" timestamp="24 Jun 2019 09:37:47 GMT" time="24.219" errors="0">
  <testcase name="validLoginTest" time="24.219" classname="com.training.sanity.tests.LoginTests"/>
</testsuite> <!-- com.training.sanity.tests.LoginTests -->
