<?xml version="1.0" encoding="UTF-8"?>
<!-- Generated by org.testng.reporters.JUnitReportReporter -->
<testsuite skipped="0" hostname="DESKTOP-5MU9SU5" name="com.training.sanity.tests.RETC9" tests="1" failures="0" timestamp="26 Jun 2019 09:42:21 GMT" time="44.211" errors="0">
  <testcase name="validLoginTest" time="44.211" classname="com.training.sanity.tests.RETC9"/>
</testsuite> <!-- com.training.sanity.tests.RETC9 -->
