<?xml version="1.0" encoding="UTF-8"?>
<!-- Generated by org.testng.reporters.JUnitReportReporter -->
<testsuite skipped="0" hostname="DESKTOP-5MU9SU5" name="com.training.sanity.tests.MyProfileTests" tests="1" failures="0" timestamp="26 Jun 2019 10:02:47 GMT" time="26.465" errors="0">
  <testcase name="validLoginTest" time="26.465" classname="com.training.sanity.tests.MyProfileTests"/>
</testsuite> <!-- com.training.sanity.tests.MyProfileTests -->
