<?xml version="1.0" encoding="UTF-8"?>
<!-- Generated by org.testng.reporters.JUnitReportReporter -->
<testsuite skipped="0" hostname="DESKTOP-5MU9SU5" name="com.training.sanity.tests.RETC40_Medium2" tests="1" failures="0" timestamp="04 Jul 2019 11:47:48 GMT" time="94.757" errors="0">
  <testcase name="validLoginTest" time="94.757" classname="com.training.sanity.tests.RETC40_Medium2"/>
</testsuite> <!-- com.training.sanity.tests.RETC40_Medium2 -->
