<?xml version="1.0" encoding="UTF-8"?>
<!-- Generated by org.testng.reporters.JUnitReportReporter -->
<testsuite skipped="0" hostname="DESKTOP-5MU9SU5" name="com.training.sanity.tests.RETC8" tests="1" failures="0" timestamp="26 Jun 2019 09:38:55 GMT" time="28.119" errors="0">
  <testcase name="validLoginTest" time="28.119" classname="com.training.sanity.tests.RETC8"/>
</testsuite> <!-- com.training.sanity.tests.RETC8 -->
